c:\dev\pong\pong\x64\debug\vc143.pdb
c:\dev\pong\pong\x64\debug\vc143.idb
c:\dev\pong\pong\x64\debug\view.obj
c:\dev\pong\pong\x64\debug\stats.obj
c:\dev\pong\pong\x64\debug\soundpad.obj
c:\dev\pong\pong\x64\debug\playerpaddlemodel.obj
c:\dev\pong\pong\x64\debug\model.obj
c:\dev\pong\pong\x64\debug\main.obj
c:\dev\pong\pong\x64\debug\image.obj
c:\dev\pong\pong\x64\debug\game.obj
c:\dev\pong\pong\x64\debug\controller.obj
c:\dev\pong\pong\x64\debug\botpaddlemodel.obj
c:\dev\pong\pong\x64\debug\ballmodel.obj
c:\dev\pong\x64\debug\pong.exe
c:\dev\pong\pong\x64\debug\pong.ilk
c:\dev\pong\x64\debug\pong.pdb
c:\dev\pong\pong\x64\debug\pong.tlog\cl.command.1.tlog
c:\dev\pong\pong\x64\debug\pong.tlog\cl.read.1.tlog
c:\dev\pong\pong\x64\debug\pong.tlog\cl.write.1.tlog
c:\dev\pong\pong\x64\debug\pong.tlog\link.command.1.tlog
c:\dev\pong\pong\x64\debug\pong.tlog\link.read.1.tlog
c:\dev\pong\pong\x64\debug\pong.tlog\link.write.1.tlog
